<?xml version="1.0" encoding="UTF-8"?>
<!-- Generated by org.testng.reporters.JUnitXMLReporter -->
<testsuite hostname="Tejaswini" ignored="0" name="Test" tests="3" failures="0" timestamp="21 Sep 2018 12:01:03 GMT" time="57.032" errors="0">
  <testcase name="validateHomeTitle" time="0.007" classname="com.billing.qa.testCases.HomePageTest"/>
  <testcase name="validateLoginTitle" time="0.02" classname="com.billing.qa.testCases.LoginPageTest"/>
  <testcase name="validateLogin" time="17.423" classname="com.billing.qa.testCases.LoginPageTest"/>
</testsuite> <!-- Test -->
