<?xml version="1.0" encoding="UTF-8"?>
<!-- Generated by org.testng.reporters.JUnitXMLReporter -->
<testsuite hostname="Tejaswini" ignored="0" name="Command line test" tests="3" failures="0" timestamp="22 Sep 2018 04:59:26 GMT" time="33.107" errors="0">
  <testcase name="validateHomeTitle" time="7.327" classname="com.billing.qa.testCases.HomePageTest"/>
  <testcase name="validateLoginTitle" time="0.009" classname="com.billing.qa.testCases.LoginPageTest"/>
  <testcase name="validateLogin" time="3.519" classname="com.billing.qa.testCases.LoginPageTest"/>
</testsuite> <!-- Command line test -->
